2024-01-24-20:21:56 - 
The ingestion params are: 
Flow: forward
Source: TERADATA
Environment: PRD 
Count of tables: 3 
 Re-Ingestion: False
2024-01-24-20:21:56 - ERROR: The format of raw input should be in the form src_db	src_schema	src_table	tgt_db	tgt_schema	_tgt_table. THIS DOES NOT MATCH!
2024-01-24-20:21:56 - 
This is the input provided: 
['TDPROD\tMGRE3NFDB\tEL_BKGS_ALLOC_SL6_NL_DE_HIST_PG_1222\tgcp-edwprddata-prd-33200\tTDPROD_MGRE3NFDB_STOCKPILE\tEL_BKGS_ALLOC_SL6_NL_DE_HIST_PG_1222', 'TDPROD\tMGRE3NFDB\tEL_BKGS_ALLOC_SL6_CS_DE_HIST_PG_1222\tgcp-edwprddata-prd-33200\tTDPROD_MGRE3NFDB_STOCKPILE\tEL_BKGS_ALLOC_SL6_CS_DE_HIST_PG_1222', 'TDPROD\tMGRE3NFDB\tEL_BKGS_ALLOC_SL6_CS_RANDOM\tgcp-edwprddata-prd-33200\tTDPROD_MGRE3NFDB_STOCKPILE\tEL_BKGS_ALLOC_SL6_AO_DE_HIST_PG_1222']
This is the cleaned input: 
[['TDPROD', 'MGRE3NFDB', 'EL_BKGS_ALLOC_SL6_NL_DE_HIST_PG_1222', 'gcp-edwprddata-prd-33200', 'TDPROD_MGRE3NFDB_STOCKPILE', 'EL_BKGS_ALLOC_SL6_NL_DE_HIST_PG_1222'], ['TDPROD', 'MGRE3NFDB', 'EL_BKGS_ALLOC_SL6_CS_DE_HIST_PG_1222', 'gcp-edwprddata-prd-33200', 'TDPROD_MGRE3NFDB_STOCKPILE', 'EL_BKGS_ALLOC_SL6_CS_DE_HIST_PG_1222'], ['TDPROD', 'MGRE3NFDB', 'EL_BKGS_ALLOC_SL6_CS_RANDOM', 'gcp-edwprddata-prd-33200', 'TDPROD_MGRE3NFDB_STOCKPILE', 'EL_BKGS_ALLOC_SL6_AO_DE_HIST_PG_1222']]
2024-01-24-20:21:56 - 
RUN THIS: Validate that these databases are present

                select *
                from dbc.tables
                where
                database_name = 'MGRE3NFDB' 

RUN THIS: Validate that these tables are present

                select *
                from dbc.tables
                where
                database_name = 'MGRE3NFDB' and TableName = 'EL_BKGS_ALLOC_SL6_NL_DE_HIST_PG_1222' UNION ALL

                select *
                from dbc.tables
                where
                database_name = 'MGRE3NFDB' and TableName = 'EL_BKGS_ALLOC_SL6_CS_DE_HIST_PG_1222' UNION ALL

                select *
                from dbc.tables
                where
                database_name = 'MGRE3NFDB' and TableName = 'EL_BKGS_ALLOC_SL6_CS_RANDOM' 
2024-01-24-20:21:58 - 	These databases are not present at source: ['']
            tThese tables are not present at source: ['']
2024-01-24-20:21:58 - 

RUN THIS: Validate that these tables have counts > 0
	select cast(count(*) as BIGINT), 'EL_BKGS_ALLOC_SL6_NL_DE_HIST_PG_1222' from MGRE3NFDB.EL_BKGS_ALLOC_SL6_NL_DE_HIST_PG_1222 UNION ALL
	select cast(count(*) as BIGINT), 'EL_BKGS_ALLOC_SL6_CS_DE_HIST_PG_1222' from MGRE3NFDB.EL_BKGS_ALLOC_SL6_CS_DE_HIST_PG_1222 UNION ALL
	select cast(count(*) as BIGINT), 'EL_BKGS_ALLOC_SL6_CS_RANDOM' from MGRE3NFDB.EL_BKGS_ALLOC_SL6_CS_RANDOM 
2024-01-24-20:22:03 - ERROR: The count of provided tables: Not Ingested + Ingested and completed + Ingested and failed is not consistent
2024-01-24-23:41:44 - 
The ingestion params are: 
Flow: forward
Source: TERADATA
Environment: PRD 
Count of tables: 3 
 Re-Ingestion: False
2024-01-24-23:41:44 - ERROR: The format of raw input should be in the form src_db	src_schema	src_table	tgt_db	tgt_schema	_tgt_table. THIS DOES NOT MATCH!
2024-01-24-23:41:44 - 
This is the input provided: 
['TDPROD\tMGRE3NFDB\tEL_BKGS_ALLOC_SL6_NL_DE_HIST_PG_1222\tgcp-edwprddata-prd-33200\tTDPROD_MGRE3NFDB_STOCKPILE\tEL_BKGS_ALLOC_SL6_NL_DE_HIST_PG_1222', 'TDPROD\tMGRE3NFDB\tEL_BKGS_ALLOC_SL6_CS_DE_HIST_PG_1222\tgcp-edwprddata-prd-33200\tTDPROD_MGRE3NFDB_STOCKPILE\tEL_BKGS_ALLOC_SL6_CS_DE_HIST_PG_1222', 'TDPROD\tMGRE3NFDB\tEL_BKGS_ALLOC_SL6_CS_RANDOM\tgcp-edwprddata-prd-33200\tTDPROD_MGRE3NFDB_STOCKPILE\tEL_BKGS_ALLOC_SL6_AO_DE_HIST_PG_1222']
This is the cleaned input: 
[['TDPROD', 'MGRE3NFDB', 'EL_BKGS_ALLOC_SL6_NL_DE_HIST_PG_1222', 'gcp-edwprddata-prd-33200', 'TDPROD_MGRE3NFDB_STOCKPILE', 'EL_BKGS_ALLOC_SL6_NL_DE_HIST_PG_1222'], ['TDPROD', 'MGRE3NFDB', 'EL_BKGS_ALLOC_SL6_CS_DE_HIST_PG_1222', 'gcp-edwprddata-prd-33200', 'TDPROD_MGRE3NFDB_STOCKPILE', 'EL_BKGS_ALLOC_SL6_CS_DE_HIST_PG_1222'], ['TDPROD', 'MGRE3NFDB', 'EL_BKGS_ALLOC_SL6_CS_RANDOM', 'gcp-edwprddata-prd-33200', 'TDPROD_MGRE3NFDB_STOCKPILE', 'EL_BKGS_ALLOC_SL6_AO_DE_HIST_PG_1222']]
2024-01-24-23:41:44 - 
RUN THIS: Validate that these databases are present

                select *
                from dbc.tables
                where
                database_name = 'MGRE3NFDB' 

RUN THIS: Validate that these tables are present

                select *
                from dbc.tables
                where
                database_name = 'MGRE3NFDB' and TableName = 'EL_BKGS_ALLOC_SL6_NL_DE_HIST_PG_1222' UNION ALL

                select *
                from dbc.tables
                where
                database_name = 'MGRE3NFDB' and TableName = 'EL_BKGS_ALLOC_SL6_CS_DE_HIST_PG_1222' UNION ALL

                select *
                from dbc.tables
                where
                database_name = 'MGRE3NFDB' and TableName = 'EL_BKGS_ALLOC_SL6_CS_RANDOM' 
2024-01-24-23:41:46 - 
	These databases are not present at source: ['']
            These tables are not present at source: ['']
2024-01-24-23:41:46 - 

RUN THIS: Validate that these tables have counts > 0
	select cast(count(*) as BIGINT), 'EL_BKGS_ALLOC_SL6_NL_DE_HIST_PG_1222' from MGRE3NFDB.EL_BKGS_ALLOC_SL6_NL_DE_HIST_PG_1222 UNION ALL
	select cast(count(*) as BIGINT), 'EL_BKGS_ALLOC_SL6_CS_DE_HIST_PG_1222' from MGRE3NFDB.EL_BKGS_ALLOC_SL6_CS_DE_HIST_PG_1222 UNION ALL
	select cast(count(*) as BIGINT), 'EL_BKGS_ALLOC_SL6_CS_RANDOM' from MGRE3NFDB.EL_BKGS_ALLOC_SL6_CS_RANDOM 
2024-01-24-23:41:47 - ERROR: The count of provided tables: Not Ingested + Ingested and completed + Ingested and failed is not consistent
