2024-01-25-00:28:36 - 
The ingestion params are: 
Flow: forward
Source: TERADATA
Environment: PRD 
Count of tables: 3 
 Re-Ingestion: False
2024-01-25-00:28:36 - ERROR: The format of raw input should be in the form src_db	src_schema	src_table	tgt_db	tgt_schema	_tgt_table. THIS DOES NOT MATCH!
2024-01-25-00:28:36 - 
This is the input provided: 
['TDPROD\tMGRE3NFDB\tEL_BKGS_ALLOC_SL6_NL_DE_HIST_PG_1222\tgcp-edwprddata-prd-33200\tTDPROD_MGRE3NFDB_STOCKPILE\tEL_BKGS_ALLOC_SL6_NL_DE_HIST_PG_1222', 'TDPROD\tMGRE3NFDB\tEL_BKGS_ALLOC_SL6_CS_DE_HIST_PG_1222\tgcp-edwprddata-prd-33200\tTDPROD_MGRE3NFDB_STOCKPILE\tEL_BKGS_ALLOC_SL6_CS_DE_HIST_PG_1222', 'TDPROD\tMGRE3NFDB\tEL_BKGS_ALLOC_SL6_CS_RANDOM\tgcp-edwprddata-prd-33200\tTDPROD_MGRE3NFDB_STOCKPILE\tEL_BKGS_ALLOC_SL6_AO_DE_HIST_PG_1222']
This is the cleaned input: 
[['TDPROD', 'MGRE3NFDB', 'EL_BKGS_ALLOC_SL6_NL_DE_HIST_PG_1222', 'gcp-edwprddata-prd-33200', 'TDPROD_MGRE3NFDB_STOCKPILE', 'EL_BKGS_ALLOC_SL6_NL_DE_HIST_PG_1222'], ['TDPROD', 'MGRE3NFDB', 'EL_BKGS_ALLOC_SL6_CS_DE_HIST_PG_1222', 'gcp-edwprddata-prd-33200', 'TDPROD_MGRE3NFDB_STOCKPILE', 'EL_BKGS_ALLOC_SL6_CS_DE_HIST_PG_1222'], ['TDPROD', 'MGRE3NFDB', 'EL_BKGS_ALLOC_SL6_CS_RANDOM', 'gcp-edwprddata-prd-33200', 'TDPROD_MGRE3NFDB_STOCKPILE', 'EL_BKGS_ALLOC_SL6_AO_DE_HIST_PG_1222']]
2024-01-25-00:28:36 - 
RUN THIS: Validate that these databases are present

                select *
                from dbc.tables
                where
                database_name = 'MGRE3NFDB' 

RUN THIS: Validate that these tables are present

                select *
                from dbc.tables
                where
                database_name = 'MGRE3NFDB' and TableName = 'EL_BKGS_ALLOC_SL6_NL_DE_HIST_PG_1222' UNION ALL

                select *
                from dbc.tables
                where
                database_name = 'MGRE3NFDB' and TableName = 'EL_BKGS_ALLOC_SL6_CS_DE_HIST_PG_1222' UNION ALL

                select *
                from dbc.tables
                where
                database_name = 'MGRE3NFDB' and TableName = 'EL_BKGS_ALLOC_SL6_CS_RANDOM' 
2024-01-25-00:28:39 - 
	These databases are not present at source: ['']
            These tables are not present at source: ['']
2024-01-25-00:28:39 - 

RUN THIS: Validate that these tables have counts > 0
	select cast(count(*) as BIGINT), 'EL_BKGS_ALLOC_SL6_NL_DE_HIST_PG_1222' from MGRE3NFDB.EL_BKGS_ALLOC_SL6_NL_DE_HIST_PG_1222 UNION ALL
	select cast(count(*) as BIGINT), 'EL_BKGS_ALLOC_SL6_CS_DE_HIST_PG_1222' from MGRE3NFDB.EL_BKGS_ALLOC_SL6_CS_DE_HIST_PG_1222 UNION ALL
	select cast(count(*) as BIGINT), 'EL_BKGS_ALLOC_SL6_CS_RANDOM' from MGRE3NFDB.EL_BKGS_ALLOC_SL6_CS_RANDOM 
2024-01-25-00:29:08 - 
The ingestion params are: 
Flow: forward
Source: TERADATA
Environment: PRD 
Count of tables: 3 
 Re-Ingestion: False
2024-01-25-00:29:08 - ERROR: The format of raw input should be in the form src_db	src_schema	src_table	tgt_db	tgt_schema	_tgt_table. THIS DOES NOT MATCH!
2024-01-25-00:29:08 - 
This is the input provided: 
['TDPROD\tMGRE3NFDB\tEL_BKGS_ALLOC_SL6_NL_DE_HIST_PG_1222\tgcp-edwprddata-prd-33200\tTDPROD_MGRE3NFDB_STOCKPILE\tEL_BKGS_ALLOC_SL6_NL_DE_HIST_PG_1222', 'TDPROD\tMGRE3NFDB\tEL_BKGS_ALLOC_SL6_CS_DE_HIST_PG_1222\tgcp-edwprddata-prd-33200\tTDPROD_MGRE3NFDB_STOCKPILE\tEL_BKGS_ALLOC_SL6_CS_DE_HIST_PG_1222', 'TDPROD\tMGRE3NFDB\tEL_BKGS_ALLOC_SL6_CS_RANDOM\tgcp-edwprddata-prd-33200\tTDPROD_MGRE3NFDB_STOCKPILE\tEL_BKGS_ALLOC_SL6_AO_DE_HIST_PG_1222']
This is the cleaned input: 
[['TDPROD', 'MGRE3NFDB', 'EL_BKGS_ALLOC_SL6_NL_DE_HIST_PG_1222', 'gcp-edwprddata-prd-33200', 'TDPROD_MGRE3NFDB_STOCKPILE', 'EL_BKGS_ALLOC_SL6_NL_DE_HIST_PG_1222'], ['TDPROD', 'MGRE3NFDB', 'EL_BKGS_ALLOC_SL6_CS_DE_HIST_PG_1222', 'gcp-edwprddata-prd-33200', 'TDPROD_MGRE3NFDB_STOCKPILE', 'EL_BKGS_ALLOC_SL6_CS_DE_HIST_PG_1222'], ['TDPROD', 'MGRE3NFDB', 'EL_BKGS_ALLOC_SL6_CS_RANDOM', 'gcp-edwprddata-prd-33200', 'TDPROD_MGRE3NFDB_STOCKPILE', 'EL_BKGS_ALLOC_SL6_AO_DE_HIST_PG_1222']]
2024-01-25-00:29:08 - 
RUN THIS: Validate that these databases are present

                select *
                from dbc.tables
                where
                database_name = 'MGRE3NFDB' 

RUN THIS: Validate that these tables are present

                select *
                from dbc.tables
                where
                database_name = 'MGRE3NFDB' and TableName = 'EL_BKGS_ALLOC_SL6_NL_DE_HIST_PG_1222' UNION ALL

                select *
                from dbc.tables
                where
                database_name = 'MGRE3NFDB' and TableName = 'EL_BKGS_ALLOC_SL6_CS_DE_HIST_PG_1222' UNION ALL

                select *
                from dbc.tables
                where
                database_name = 'MGRE3NFDB' and TableName = 'EL_BKGS_ALLOC_SL6_CS_RANDOM' 
2024-01-25-00:29:10 - 
	These databases are not present at source: ['']
            These tables are not present at source: ['']
2024-01-25-00:29:10 - 

RUN THIS: Validate that these tables have counts > 0
	select cast(count(*) as BIGINT), 'EL_BKGS_ALLOC_SL6_NL_DE_HIST_PG_1222' from MGRE3NFDB.EL_BKGS_ALLOC_SL6_NL_DE_HIST_PG_1222 UNION ALL
	select cast(count(*) as BIGINT), 'EL_BKGS_ALLOC_SL6_CS_DE_HIST_PG_1222' from MGRE3NFDB.EL_BKGS_ALLOC_SL6_CS_DE_HIST_PG_1222 UNION ALL
	select cast(count(*) as BIGINT), 'EL_BKGS_ALLOC_SL6_CS_RANDOM' from MGRE3NFDB.EL_BKGS_ALLOC_SL6_CS_RANDOM 
2024-01-25-00:29:19 - 
The ingestion params are: 
Flow: forward
Source: TERADATA
Environment: PRD 
Count of tables: 3 
 Re-Ingestion: False
2024-01-25-00:29:19 - ERROR: The format of raw input should be in the form src_db	src_schema	src_table	tgt_db	tgt_schema	_tgt_table. THIS DOES NOT MATCH!
2024-01-25-00:29:19 - 
This is the input provided: 
['TDPROD\tMGRE3NFDB\tEL_BKGS_ALLOC_SL6_NL_DE_HIST_PG_1222\tgcp-edwprddata-prd-33200\tTDPROD_MGRE3NFDB_STOCKPILE\tEL_BKGS_ALLOC_SL6_NL_DE_HIST_PG_1222', 'TDPROD\tMGRE3NFDB\tEL_BKGS_ALLOC_SL6_CS_DE_HIST_PG_1222\tgcp-edwprddata-prd-33200\tTDPROD_MGRE3NFDB_STOCKPILE\tEL_BKGS_ALLOC_SL6_CS_DE_HIST_PG_1222', 'TDPROD\tMGRE3NFDB\tEL_BKGS_ALLOC_SL6_CS_RANDOM\tgcp-edwprddata-prd-33200\tTDPROD_MGRE3NFDB_STOCKPILE\tEL_BKGS_ALLOC_SL6_AO_DE_HIST_PG_1222']
This is the cleaned input: 
[['TDPROD', 'MGRE3NFDB', 'EL_BKGS_ALLOC_SL6_NL_DE_HIST_PG_1222', 'gcp-edwprddata-prd-33200', 'TDPROD_MGRE3NFDB_STOCKPILE', 'EL_BKGS_ALLOC_SL6_NL_DE_HIST_PG_1222'], ['TDPROD', 'MGRE3NFDB', 'EL_BKGS_ALLOC_SL6_CS_DE_HIST_PG_1222', 'gcp-edwprddata-prd-33200', 'TDPROD_MGRE3NFDB_STOCKPILE', 'EL_BKGS_ALLOC_SL6_CS_DE_HIST_PG_1222'], ['TDPROD', 'MGRE3NFDB', 'EL_BKGS_ALLOC_SL6_CS_RANDOM', 'gcp-edwprddata-prd-33200', 'TDPROD_MGRE3NFDB_STOCKPILE', 'EL_BKGS_ALLOC_SL6_AO_DE_HIST_PG_1222']]
2024-01-25-00:29:19 - 
RUN THIS: Validate that these databases are present

                select *
                from dbc.tables
                where
                database_name = 'MGRE3NFDB' 

RUN THIS: Validate that these tables are present

                select *
                from dbc.tables
                where
                database_name = 'MGRE3NFDB' and TableName = 'EL_BKGS_ALLOC_SL6_NL_DE_HIST_PG_1222' UNION ALL

                select *
                from dbc.tables
                where
                database_name = 'MGRE3NFDB' and TableName = 'EL_BKGS_ALLOC_SL6_CS_DE_HIST_PG_1222' UNION ALL

                select *
                from dbc.tables
                where
                database_name = 'MGRE3NFDB' and TableName = 'EL_BKGS_ALLOC_SL6_CS_RANDOM' 
2024-01-25-00:29:21 - 
	These databases are not present at source: ['']
            These tables are not present at source: ['']
2024-01-25-00:29:21 - 

RUN THIS: Validate that these tables have counts > 0
	select cast(count(*) as BIGINT), 'EL_BKGS_ALLOC_SL6_NL_DE_HIST_PG_1222' from MGRE3NFDB.EL_BKGS_ALLOC_SL6_NL_DE_HIST_PG_1222 UNION ALL
	select cast(count(*) as BIGINT), 'EL_BKGS_ALLOC_SL6_CS_DE_HIST_PG_1222' from MGRE3NFDB.EL_BKGS_ALLOC_SL6_CS_DE_HIST_PG_1222 UNION ALL
	select cast(count(*) as BIGINT), 'EL_BKGS_ALLOC_SL6_CS_RANDOM' from MGRE3NFDB.EL_BKGS_ALLOC_SL6_CS_RANDOM 
2024-01-25-00:29:48 - 
The ingestion params are: 
Flow: forward
Source: TERADATA
Environment: PRD 
Count of tables: 3 
 Re-Ingestion: False
2024-01-25-00:29:48 - ERROR: The format of raw input should be in the form src_db	src_schema	src_table	tgt_db	tgt_schema	_tgt_table. THIS DOES NOT MATCH!
2024-01-25-00:29:48 - 
This is the input provided: 
['TDPROD\tMGRE3NFDB\tEL_BKGS_ALLOC_SL6_NL_DE_HIST_PG_1222\tgcp-edwprddata-prd-33200\tTDPROD_MGRE3NFDB_STOCKPILE\tEL_BKGS_ALLOC_SL6_NL_DE_HIST_PG_1222', 'TDPROD\tMGRE3NFDB\tEL_BKGS_ALLOC_SL6_CS_DE_HIST_PG_1222\tgcp-edwprddata-prd-33200\tTDPROD_MGRE3NFDB_STOCKPILE\tEL_BKGS_ALLOC_SL6_CS_DE_HIST_PG_1222', 'TDPROD\tMGRE3NFDB\tEL_BKGS_ALLOC_SL6_CS_RANDOM\tgcp-edwprddata-prd-33200\tTDPROD_MGRE3NFDB_STOCKPILE\tEL_BKGS_ALLOC_SL6_AO_DE_HIST_PG_1222']
This is the cleaned input: 
[['TDPROD', 'MGRE3NFDB', 'EL_BKGS_ALLOC_SL6_NL_DE_HIST_PG_1222', 'gcp-edwprddata-prd-33200', 'TDPROD_MGRE3NFDB_STOCKPILE', 'EL_BKGS_ALLOC_SL6_NL_DE_HIST_PG_1222'], ['TDPROD', 'MGRE3NFDB', 'EL_BKGS_ALLOC_SL6_CS_DE_HIST_PG_1222', 'gcp-edwprddata-prd-33200', 'TDPROD_MGRE3NFDB_STOCKPILE', 'EL_BKGS_ALLOC_SL6_CS_DE_HIST_PG_1222'], ['TDPROD', 'MGRE3NFDB', 'EL_BKGS_ALLOC_SL6_CS_RANDOM', 'gcp-edwprddata-prd-33200', 'TDPROD_MGRE3NFDB_STOCKPILE', 'EL_BKGS_ALLOC_SL6_AO_DE_HIST_PG_1222']]
2024-01-25-00:29:48 - 
RUN THIS: Validate that these databases are present

                select *
                from dbc.tables
                where
                database_name = 'MGRE3NFDB' 

RUN THIS: Validate that these tables are present

                select *
                from dbc.tables
                where
                database_name = 'MGRE3NFDB' and TableName = 'EL_BKGS_ALLOC_SL6_NL_DE_HIST_PG_1222' UNION ALL

                select *
                from dbc.tables
                where
                database_name = 'MGRE3NFDB' and TableName = 'EL_BKGS_ALLOC_SL6_CS_DE_HIST_PG_1222' UNION ALL

                select *
                from dbc.tables
                where
                database_name = 'MGRE3NFDB' and TableName = 'EL_BKGS_ALLOC_SL6_CS_RANDOM' 
2024-01-25-00:29:50 - 
	These databases are not present at source: ['']
            These tables are not present at source: ['']
2024-01-25-00:29:50 - 

RUN THIS: Validate that these tables have counts > 0
	select cast(count(*) as BIGINT), 'EL_BKGS_ALLOC_SL6_NL_DE_HIST_PG_1222' from MGRE3NFDB.EL_BKGS_ALLOC_SL6_NL_DE_HIST_PG_1222 UNION ALL
	select cast(count(*) as BIGINT), 'EL_BKGS_ALLOC_SL6_CS_DE_HIST_PG_1222' from MGRE3NFDB.EL_BKGS_ALLOC_SL6_CS_DE_HIST_PG_1222 UNION ALL
	select cast(count(*) as BIGINT), 'EL_BKGS_ALLOC_SL6_CS_RANDOM' from MGRE3NFDB.EL_BKGS_ALLOC_SL6_CS_RANDOM 
2024-01-25-00:30:41 - 
The ingestion params are: 
Flow: forward
Source: TERADATA
Environment: PRD 
Count of tables: 3 
 Re-Ingestion: False
2024-01-25-00:30:41 - ERROR: The format of raw input should be in the form src_db	src_schema	src_table	tgt_db	tgt_schema	_tgt_table. THIS DOES NOT MATCH!
2024-01-25-00:30:41 - 
This is the input provided: 
['TDPROD\tMGRE3NFDB\tEL_BKGS_ALLOC_SL6_NL_DE_HIST_PG_1222\tgcp-edwprddata-prd-33200\tTDPROD_MGRE3NFDB_STOCKPILE\tEL_BKGS_ALLOC_SL6_NL_DE_HIST_PG_1222', 'TDPROD\tMGRE3NFDB\tEL_BKGS_ALLOC_SL6_CS_DE_HIST_PG_1222\tgcp-edwprddata-prd-33200\tTDPROD_MGRE3NFDB_STOCKPILE\tEL_BKGS_ALLOC_SL6_CS_DE_HIST_PG_1222', 'TDPROD\tMGRE3NFDB\tEL_BKGS_ALLOC_SL6_CS_RANDOM\tgcp-edwprddata-prd-33200\tTDPROD_MGRE3NFDB_STOCKPILE\tEL_BKGS_ALLOC_SL6_AO_DE_HIST_PG_1222']
This is the cleaned input: 
[['TDPROD', 'MGRE3NFDB', 'EL_BKGS_ALLOC_SL6_NL_DE_HIST_PG_1222', 'gcp-edwprddata-prd-33200', 'TDPROD_MGRE3NFDB_STOCKPILE', 'EL_BKGS_ALLOC_SL6_NL_DE_HIST_PG_1222'], ['TDPROD', 'MGRE3NFDB', 'EL_BKGS_ALLOC_SL6_CS_DE_HIST_PG_1222', 'gcp-edwprddata-prd-33200', 'TDPROD_MGRE3NFDB_STOCKPILE', 'EL_BKGS_ALLOC_SL6_CS_DE_HIST_PG_1222'], ['TDPROD', 'MGRE3NFDB', 'EL_BKGS_ALLOC_SL6_CS_RANDOM', 'gcp-edwprddata-prd-33200', 'TDPROD_MGRE3NFDB_STOCKPILE', 'EL_BKGS_ALLOC_SL6_AO_DE_HIST_PG_1222']]
2024-01-25-00:30:41 - 
RUN THIS: Validate that these databases are present

                select *
                from dbc.tables
                where
                database_name = 'MGRE3NFDB' 

RUN THIS: Validate that these tables are present

                select *
                from dbc.tables
                where
                database_name = 'MGRE3NFDB' and TableName = 'EL_BKGS_ALLOC_SL6_NL_DE_HIST_PG_1222' UNION ALL

                select *
                from dbc.tables
                where
                database_name = 'MGRE3NFDB' and TableName = 'EL_BKGS_ALLOC_SL6_CS_DE_HIST_PG_1222' UNION ALL

                select *
                from dbc.tables
                where
                database_name = 'MGRE3NFDB' and TableName = 'EL_BKGS_ALLOC_SL6_CS_RANDOM' 
2024-01-25-00:30:43 - 
	These databases are not present at source: ['']
            These tables are not present at source: ['']
2024-01-25-00:30:43 - 

RUN THIS: Validate that these tables have counts > 0
	select cast(count(*) as BIGINT), 'EL_BKGS_ALLOC_SL6_NL_DE_HIST_PG_1222' from MGRE3NFDB.EL_BKGS_ALLOC_SL6_NL_DE_HIST_PG_1222 UNION ALL
	select cast(count(*) as BIGINT), 'EL_BKGS_ALLOC_SL6_CS_DE_HIST_PG_1222' from MGRE3NFDB.EL_BKGS_ALLOC_SL6_CS_DE_HIST_PG_1222 UNION ALL
	select cast(count(*) as BIGINT), 'EL_BKGS_ALLOC_SL6_CS_RANDOM' from MGRE3NFDB.EL_BKGS_ALLOC_SL6_CS_RANDOM 
2024-01-25-00:31:25 - 
The ingestion params are: 
Flow: forward
Source: TERADATA
Environment: PRD 
Count of tables: 3 
 Re-Ingestion: False
2024-01-25-00:31:25 - ERROR: The format of raw input should be in the form src_db	src_schema	src_table	tgt_db	tgt_schema	_tgt_table. THIS DOES NOT MATCH!
2024-01-25-00:31:25 - 
This is the input provided: 
['TDPROD\tMGRE3NFDB\tEL_BKGS_ALLOC_SL6_NL_DE_HIST_PG_1222\tgcp-edwprddata-prd-33200\tTDPROD_MGRE3NFDB_STOCKPILE\tEL_BKGS_ALLOC_SL6_NL_DE_HIST_PG_1222', 'TDPROD\tMGRE3NFDB\tEL_BKGS_ALLOC_SL6_CS_DE_HIST_PG_1222\tgcp-edwprddata-prd-33200\tTDPROD_MGRE3NFDB_STOCKPILE\tEL_BKGS_ALLOC_SL6_CS_DE_HIST_PG_1222', 'TDPROD\tMGRE3NFDB\tEL_BKGS_ALLOC_SL6_CS_RANDOM\tgcp-edwprddata-prd-33200\tTDPROD_MGRE3NFDB_STOCKPILE\tEL_BKGS_ALLOC_SL6_AO_DE_HIST_PG_1222']
This is the cleaned input: 
[['TDPROD', 'MGRE3NFDB', 'EL_BKGS_ALLOC_SL6_NL_DE_HIST_PG_1222', 'gcp-edwprddata-prd-33200', 'TDPROD_MGRE3NFDB_STOCKPILE', 'EL_BKGS_ALLOC_SL6_NL_DE_HIST_PG_1222'], ['TDPROD', 'MGRE3NFDB', 'EL_BKGS_ALLOC_SL6_CS_DE_HIST_PG_1222', 'gcp-edwprddata-prd-33200', 'TDPROD_MGRE3NFDB_STOCKPILE', 'EL_BKGS_ALLOC_SL6_CS_DE_HIST_PG_1222'], ['TDPROD', 'MGRE3NFDB', 'EL_BKGS_ALLOC_SL6_CS_RANDOM', 'gcp-edwprddata-prd-33200', 'TDPROD_MGRE3NFDB_STOCKPILE', 'EL_BKGS_ALLOC_SL6_AO_DE_HIST_PG_1222']]
2024-01-25-00:31:25 - 
RUN THIS: Validate that these databases are present

                select *
                from dbc.tables
                where
                database_name = 'MGRE3NFDB' 

RUN THIS: Validate that these tables are present

                select *
                from dbc.tables
                where
                database_name = 'MGRE3NFDB' and TableName = 'EL_BKGS_ALLOC_SL6_NL_DE_HIST_PG_1222' UNION ALL

                select *
                from dbc.tables
                where
                database_name = 'MGRE3NFDB' and TableName = 'EL_BKGS_ALLOC_SL6_CS_DE_HIST_PG_1222' UNION ALL

                select *
                from dbc.tables
                where
                database_name = 'MGRE3NFDB' and TableName = 'EL_BKGS_ALLOC_SL6_CS_RANDOM' 
2024-01-25-00:31:26 - 
	These databases are not present at source: ['']
            These tables are not present at source: ['']
2024-01-25-00:31:26 - 

RUN THIS: Validate that these tables have counts > 0
	select cast(count(*) as BIGINT), 'EL_BKGS_ALLOC_SL6_NL_DE_HIST_PG_1222' from MGRE3NFDB.EL_BKGS_ALLOC_SL6_NL_DE_HIST_PG_1222 UNION ALL
	select cast(count(*) as BIGINT), 'EL_BKGS_ALLOC_SL6_CS_DE_HIST_PG_1222' from MGRE3NFDB.EL_BKGS_ALLOC_SL6_CS_DE_HIST_PG_1222 UNION ALL
	select cast(count(*) as BIGINT), 'EL_BKGS_ALLOC_SL6_CS_RANDOM' from MGRE3NFDB.EL_BKGS_ALLOC_SL6_CS_RANDOM 
2024-01-25-00:39:04 - 
The ingestion params are: 
Flow: forward
Source: TERADATA
Environment: PRD 
Count of tables: 6 
 Re-Ingestion: False
2024-01-25-00:39:04 - ERROR: The format of raw input should be in the form src_db	src_schema	src_table	tgt_db	tgt_schema	_tgt_table. THIS DOES NOT MATCH!
2024-01-25-00:39:04 - 
This is the input provided: 
['TDPROD\tNRTSTGDB\tWI_ORDER_LINES_EXT_NRT_CG1_BP\tgcp-edwprddata-prd-33200\tTDPROD_NRTSTGDB_STOCKPILE\tWI_ORDER_LINES_EXT_NRT_CG1_BP', 'TDPROD\tNRTSTGDB\tWI_ORDER_LINES_EXT_NRT_CG1_OLP\tgcp-edwprddata-prd-33200\tTDPROD_NRTSTGDB_STOCKPILE\tWI_ORDER_LINES_EXT_NRT_CG1_OLP', 'TDPROD\tNRTSTGDB\tWI_ORDER_LINES_EXT_NRT_CG1_PBL\tgcp-edwprddata-prd-33200\tTDPROD_NRTSTGDB_STOCKPILE\tWI_ORDER_LINES_EXT_NRT_CG1_PBL', 'TDPROD\tNRTSTGDB\tWI_ORDER_LINES_EXT_NRT_CG1_SMC\tgcp-edwprddata-prd-33200\tTDPROD_NRTSTGDB_STOCKPILE\tWI_ORDER_LINES_EXT_NRT_CG1_SMC', 'TDPROD\tNRTSTGDB\tWI_ORDER_LINES_EXT_NRT_CG1_CSD\tgcp-edwprddata-prd-33200\tTDPROD_NRTSTGDB_STOCKPILE\tWI_ORDER_LINES_EXT_NRT_CG1_CSD', 'TDPROD\tEXCEPDB\tEX_WIPS_SER_POS_DTLS_MULTI_PUB\tgcp-edwprddata-prd-33200\tTDPROD_EXCEPDB_STOCKPILE\tEX_WIPS_SER_POS_DTLS_MULTI_PUB']
This is the cleaned input: 
[['TDPROD', 'NRTSTGDB', 'WI_ORDER_LINES_EXT_NRT_CG1_BP', 'gcp-edwprddata-prd-33200', 'TDPROD_NRTSTGDB_STOCKPILE', 'WI_ORDER_LINES_EXT_NRT_CG1_BP'], ['TDPROD', 'NRTSTGDB', 'WI_ORDER_LINES_EXT_NRT_CG1_OLP', 'gcp-edwprddata-prd-33200', 'TDPROD_NRTSTGDB_STOCKPILE', 'WI_ORDER_LINES_EXT_NRT_CG1_OLP'], ['TDPROD', 'NRTSTGDB', 'WI_ORDER_LINES_EXT_NRT_CG1_PBL', 'gcp-edwprddata-prd-33200', 'TDPROD_NRTSTGDB_STOCKPILE', 'WI_ORDER_LINES_EXT_NRT_CG1_PBL'], ['TDPROD', 'NRTSTGDB', 'WI_ORDER_LINES_EXT_NRT_CG1_SMC', 'gcp-edwprddata-prd-33200', 'TDPROD_NRTSTGDB_STOCKPILE', 'WI_ORDER_LINES_EXT_NRT_CG1_SMC'], ['TDPROD', 'NRTSTGDB', 'WI_ORDER_LINES_EXT_NRT_CG1_CSD', 'gcp-edwprddata-prd-33200', 'TDPROD_NRTSTGDB_STOCKPILE', 'WI_ORDER_LINES_EXT_NRT_CG1_CSD'], ['TDPROD', 'EXCEPDB', 'EX_WIPS_SER_POS_DTLS_MULTI_PUB', 'gcp-edwprddata-prd-33200', 'TDPROD_EXCEPDB_STOCKPILE', 'EX_WIPS_SER_POS_DTLS_MULTI_PUB']]
2024-01-25-00:39:04 - 
RUN THIS: Validate that these databases are present

                select *
                from dbc.tables
                where
                database_name = 'NRTSTGDB' UNION ALL

                select *
                from dbc.tables
                where
                database_name = 'EXCEPDB' 

RUN THIS: Validate that these tables are present

                select *
                from dbc.tables
                where
                database_name = 'NRTSTGDB' and TableName = 'WI_ORDER_LINES_EXT_NRT_CG1_BP' UNION ALL

                select *
                from dbc.tables
                where
                database_name = 'NRTSTGDB' and TableName = 'WI_ORDER_LINES_EXT_NRT_CG1_OLP' UNION ALL

                select *
                from dbc.tables
                where
                database_name = 'NRTSTGDB' and TableName = 'WI_ORDER_LINES_EXT_NRT_CG1_PBL' UNION ALL

                select *
                from dbc.tables
                where
                database_name = 'NRTSTGDB' and TableName = 'WI_ORDER_LINES_EXT_NRT_CG1_SMC' UNION ALL

                select *
                from dbc.tables
                where
                database_name = 'NRTSTGDB' and TableName = 'WI_ORDER_LINES_EXT_NRT_CG1_CSD' UNION ALL

                select *
                from dbc.tables
                where
                database_name = 'EXCEPDB' and TableName = 'EX_WIPS_SER_POS_DTLS_MULTI_PUB' 
2024-01-25-00:39:08 - 
	These databases are not present at source: ['']
            These tables are not present at source: ['']
2024-01-25-00:39:08 - 

RUN THIS: Validate that these tables have counts > 0
	select cast(count(*) as BIGINT), 'WI_ORDER_LINES_EXT_NRT_CG1_BP' from NRTSTGDB.WI_ORDER_LINES_EXT_NRT_CG1_BP UNION ALL
	select cast(count(*) as BIGINT), 'WI_ORDER_LINES_EXT_NRT_CG1_OLP' from NRTSTGDB.WI_ORDER_LINES_EXT_NRT_CG1_OLP UNION ALL
	select cast(count(*) as BIGINT), 'WI_ORDER_LINES_EXT_NRT_CG1_PBL' from NRTSTGDB.WI_ORDER_LINES_EXT_NRT_CG1_PBL UNION ALL
	select cast(count(*) as BIGINT), 'WI_ORDER_LINES_EXT_NRT_CG1_SMC' from NRTSTGDB.WI_ORDER_LINES_EXT_NRT_CG1_SMC UNION ALL
	select cast(count(*) as BIGINT), 'WI_ORDER_LINES_EXT_NRT_CG1_CSD' from NRTSTGDB.WI_ORDER_LINES_EXT_NRT_CG1_CSD UNION ALL
	select cast(count(*) as BIGINT), 'EX_WIPS_SER_POS_DTLS_MULTI_PUB' from EXCEPDB.EX_WIPS_SER_POS_DTLS_MULTI_PUB 
2024-01-25-00:40:19 - 
The ingestion params are: 
Flow: forward
Source: TERADATA
Environment: PRD 
Count of tables: 6 
 Re-Ingestion: False
2024-01-25-00:40:19 - ERROR: The format of raw input should be in the form src_db	src_schema	src_table	tgt_db	tgt_schema	_tgt_table. THIS DOES NOT MATCH!
2024-01-25-00:40:19 - 
This is the input provided: 
['TDPROD\tNRTSTGDB\tWI_ORDER_LINES_EXT_NRT_CG1_BP\tgcp-edwprddata-prd-33200\tTDPROD_NRTSTGDB_STOCKPILE\tWI_ORDER_LINES_EXT_NRT_CG1_BP', 'TDPROD\tNRTSTGDB\tWI_ORDER_LINES_EXT_NRT_CG1_OLP\tgcp-edwprddata-prd-33200\tTDPROD_NRTSTGDB_STOCKPILE\tWI_ORDER_LINES_EXT_NRT_CG1_OLP', 'TDPROD\tNRTSTGDB\tWI_ORDER_LINES_EXT_NRT_CG1_PBL\tgcp-edwprddata-prd-33200\tTDPROD_NRTSTGDB_STOCKPILE\tWI_ORDER_LINES_EXT_NRT_CG1_PBL', 'TDPROD\tNRTSTGDB\tWI_ORDER_LINES_EXT_NRT_CG1_SMC\tgcp-edwprddata-prd-33200\tTDPROD_NRTSTGDB_STOCKPILE\tWI_ORDER_LINES_EXT_NRT_CG1_SMC', 'TDPROD\tNRTSTGDB\tWI_ORDER_LINES_EXT_NRT_CG1_CSD\tgcp-edwprddata-prd-33200\tTDPROD_NRTSTGDB_STOCKPILE\tWI_ORDER_LINES_EXT_NRT_CG1_CSD', 'TDPROD\tEXCEPDB\tEX_WIPS_SER_POS_DTLS_MULTI_PUB\tgcp-edwprddata-prd-33200\tTDPROD_EXCEPDB_STOCKPILE\tEX_WIPS_SER_POS_DTLS_MULTI_PUB']
This is the cleaned input: 
[['TDPROD', 'NRTSTGDB', 'WI_ORDER_LINES_EXT_NRT_CG1_BP', 'gcp-edwprddata-prd-33200', 'TDPROD_NRTSTGDB_STOCKPILE', 'WI_ORDER_LINES_EXT_NRT_CG1_BP'], ['TDPROD', 'NRTSTGDB', 'WI_ORDER_LINES_EXT_NRT_CG1_OLP', 'gcp-edwprddata-prd-33200', 'TDPROD_NRTSTGDB_STOCKPILE', 'WI_ORDER_LINES_EXT_NRT_CG1_OLP'], ['TDPROD', 'NRTSTGDB', 'WI_ORDER_LINES_EXT_NRT_CG1_PBL', 'gcp-edwprddata-prd-33200', 'TDPROD_NRTSTGDB_STOCKPILE', 'WI_ORDER_LINES_EXT_NRT_CG1_PBL'], ['TDPROD', 'NRTSTGDB', 'WI_ORDER_LINES_EXT_NRT_CG1_SMC', 'gcp-edwprddata-prd-33200', 'TDPROD_NRTSTGDB_STOCKPILE', 'WI_ORDER_LINES_EXT_NRT_CG1_SMC'], ['TDPROD', 'NRTSTGDB', 'WI_ORDER_LINES_EXT_NRT_CG1_CSD', 'gcp-edwprddata-prd-33200', 'TDPROD_NRTSTGDB_STOCKPILE', 'WI_ORDER_LINES_EXT_NRT_CG1_CSD'], ['TDPROD', 'EXCEPDB', 'EX_WIPS_SER_POS_DTLS_MULTI_PUB', 'gcp-edwprddata-prd-33200', 'TDPROD_EXCEPDB_STOCKPILE', 'EX_WIPS_SER_POS_DTLS_MULTI_PUB']]
2024-01-25-00:40:19 - 
RUN THIS: Validate that these databases are present

                select *
                from dbc.tables
                where
                database_name = 'NRTSTGDB' UNION ALL

                select *
                from dbc.tables
                where
                database_name = 'EXCEPDB' 

RUN THIS: Validate that these tables are present

                select *
                from dbc.tables
                where
                database_name = 'NRTSTGDB' and TableName = 'WI_ORDER_LINES_EXT_NRT_CG1_BP' UNION ALL

                select *
                from dbc.tables
                where
                database_name = 'NRTSTGDB' and TableName = 'WI_ORDER_LINES_EXT_NRT_CG1_OLP' UNION ALL

                select *
                from dbc.tables
                where
                database_name = 'NRTSTGDB' and TableName = 'WI_ORDER_LINES_EXT_NRT_CG1_PBL' UNION ALL

                select *
                from dbc.tables
                where
                database_name = 'NRTSTGDB' and TableName = 'WI_ORDER_LINES_EXT_NRT_CG1_SMC' UNION ALL

                select *
                from dbc.tables
                where
                database_name = 'NRTSTGDB' and TableName = 'WI_ORDER_LINES_EXT_NRT_CG1_CSD' UNION ALL

                select *
                from dbc.tables
                where
                database_name = 'EXCEPDB' and TableName = 'EX_WIPS_SER_POS_DTLS_MULTI_PUB' 
2024-01-25-00:40:20 - 
	These databases are not present at source: ['']
            These tables are not present at source: ['']
2024-01-25-00:40:42 - 
The ingestion params are: 
Flow: forward
Source: TERADATA
Environment: PRD 
Count of tables: 6 
 Re-Ingestion: False
2024-01-25-00:40:42 - ERROR: The format of raw input should be in the form src_db	src_schema	src_table	tgt_db	tgt_schema	_tgt_table. THIS DOES NOT MATCH!
2024-01-25-00:40:42 - 
This is the input provided: 
['TDPROD\tNRTSTGDB\tWI_ORDER_LINES_EXT_NRT_CG1_BP\tgcp-edwprddata-prd-33200\tTDPROD_NRTSTGDB_STOCKPILE\tWI_ORDER_LINES_EXT_NRT_CG1_BP', 'TDPROD\tNRTSTGDB\tWI_ORDER_LINES_EXT_NRT_CG1_OLP\tgcp-edwprddata-prd-33200\tTDPROD_NRTSTGDB_STOCKPILE\tWI_ORDER_LINES_EXT_NRT_CG1_OLP', 'TDPROD\tNRTSTGDB\tWI_ORDER_LINES_EXT_NRT_CG1_PBL\tgcp-edwprddata-prd-33200\tTDPROD_NRTSTGDB_STOCKPILE\tWI_ORDER_LINES_EXT_NRT_CG1_PBL', 'TDPROD\tNRTSTGDB\tWI_ORDER_LINES_EXT_NRT_CG1_SMC\tgcp-edwprddata-prd-33200\tTDPROD_NRTSTGDB_STOCKPILE\tWI_ORDER_LINES_EXT_NRT_CG1_SMC', 'TDPROD\tNRTSTGDB\tWI_ORDER_LINES_EXT_NRT_CG1_CSD\tgcp-edwprddata-prd-33200\tTDPROD_NRTSTGDB_STOCKPILE\tWI_ORDER_LINES_EXT_NRT_CG1_CSD', 'TDPROD\tEXCEPDB\tEX_WIPS_SER_POS_DTLS_MULTI_PUB\tgcp-edwprddata-prd-33200\tTDPROD_EXCEPDB_STOCKPILE\tEX_WIPS_SER_POS_DTLS_MULTI_PUB']
This is the cleaned input: 
[['TDPROD', 'NRTSTGDB', 'WI_ORDER_LINES_EXT_NRT_CG1_BP', 'gcp-edwprddata-prd-33200', 'TDPROD_NRTSTGDB_STOCKPILE', 'WI_ORDER_LINES_EXT_NRT_CG1_BP'], ['TDPROD', 'NRTSTGDB', 'WI_ORDER_LINES_EXT_NRT_CG1_OLP', 'gcp-edwprddata-prd-33200', 'TDPROD_NRTSTGDB_STOCKPILE', 'WI_ORDER_LINES_EXT_NRT_CG1_OLP'], ['TDPROD', 'NRTSTGDB', 'WI_ORDER_LINES_EXT_NRT_CG1_PBL', 'gcp-edwprddata-prd-33200', 'TDPROD_NRTSTGDB_STOCKPILE', 'WI_ORDER_LINES_EXT_NRT_CG1_PBL'], ['TDPROD', 'NRTSTGDB', 'WI_ORDER_LINES_EXT_NRT_CG1_SMC', 'gcp-edwprddata-prd-33200', 'TDPROD_NRTSTGDB_STOCKPILE', 'WI_ORDER_LINES_EXT_NRT_CG1_SMC'], ['TDPROD', 'NRTSTGDB', 'WI_ORDER_LINES_EXT_NRT_CG1_CSD', 'gcp-edwprddata-prd-33200', 'TDPROD_NRTSTGDB_STOCKPILE', 'WI_ORDER_LINES_EXT_NRT_CG1_CSD'], ['TDPROD', 'EXCEPDB', 'EX_WIPS_SER_POS_DTLS_MULTI_PUB', 'gcp-edwprddata-prd-33200', 'TDPROD_EXCEPDB_STOCKPILE', 'EX_WIPS_SER_POS_DTLS_MULTI_PUB']]
2024-01-25-00:40:42 - 
RUN THIS: Validate that these databases are present

                select *
                from dbc.tables
                where
                database_name = 'EXCEPDB' UNION ALL

                select *
                from dbc.tables
                where
                database_name = 'NRTSTGDB' 

RUN THIS: Validate that these tables are present

                select *
                from dbc.tables
                where
                database_name = 'NRTSTGDB' and TableName = 'WI_ORDER_LINES_EXT_NRT_CG1_BP' UNION ALL

                select *
                from dbc.tables
                where
                database_name = 'NRTSTGDB' and TableName = 'WI_ORDER_LINES_EXT_NRT_CG1_OLP' UNION ALL

                select *
                from dbc.tables
                where
                database_name = 'NRTSTGDB' and TableName = 'WI_ORDER_LINES_EXT_NRT_CG1_PBL' UNION ALL

                select *
                from dbc.tables
                where
                database_name = 'NRTSTGDB' and TableName = 'WI_ORDER_LINES_EXT_NRT_CG1_SMC' UNION ALL

                select *
                from dbc.tables
                where
                database_name = 'NRTSTGDB' and TableName = 'WI_ORDER_LINES_EXT_NRT_CG1_CSD' UNION ALL

                select *
                from dbc.tables
                where
                database_name = 'EXCEPDB' and TableName = 'EX_WIPS_SER_POS_DTLS_MULTI_PUB' 
2024-01-25-00:40:44 - 
	These databases are not present at source: ['']
            These tables are not present at source: ['']
2024-01-25-00:51:13 - 
The ingestion params are: 
Flow: forward
Source: TERADATA
Environment: PRD 
Count of tables: 6 
 Re-Ingestion: False
2024-01-25-00:51:13 - ERROR: The format of raw input should be in the form src_db	src_schema	src_table	tgt_db	tgt_schema	_tgt_table. THIS DOES NOT MATCH!
2024-01-25-00:51:13 - 
This is the input provided: 
['TDPROD\tNRTSTGDB\tWI_ORDER_LINES_EXT_NRT_CG1_BP\tgcp-edwprddata-prd-33200\tTDPROD_NRTSTGDB_STOCKPILE\tWI_ORDER_LINES_EXT_NRT_CG1_BP', 'TDPROD\tNRTSTGDB\tWI_ORDER_LINES_EXT_NRT_CG1_OLP\tgcp-edwprddata-prd-33200\tTDPROD_NRTSTGDB_STOCKPILE\tWI_ORDER_LINES_EXT_NRT_CG1_OLP', 'TDPROD\tNRTSTGDB\tWI_ORDER_LINES_EXT_NRT_CG1_PBL\tgcp-edwprddata-prd-33200\tTDPROD_NRTSTGDB_STOCKPILE\tWI_ORDER_LINES_EXT_NRT_CG1_PBL', 'TDPROD\tNRTSTGDB\tWI_ORDER_LINES_EXT_NRT_CG1_SMC\tgcp-edwprddata-prd-33200\tTDPROD_NRTSTGDB_STOCKPILE\tWI_ORDER_LINES_EXT_NRT_CG1_SMC', 'TDPROD\tNRTSTGDB\tWI_ORDER_LINES_EXT_NRT_CG1_CSD\tgcp-edwprddata-prd-33200\tTDPROD_NRTSTGDB_STOCKPILE\tWI_ORDER_LINES_EXT_NRT_CG1_CSD', 'TDPROD\tEXCEPDB\tEX_WIPS_SER_POS_DTLS_MULTI_PUB\tgcp-edwprddata-prd-33200\tTDPROD_EXCEPDB_STOCKPILE\tEX_WIPS_SER_POS_DTLS_MULTI_PUB']
This is the cleaned input: 
[['TDPROD', 'NRTSTGDB', 'WI_ORDER_LINES_EXT_NRT_CG1_BP', 'gcp-edwprddata-prd-33200', 'TDPROD_NRTSTGDB_STOCKPILE', 'WI_ORDER_LINES_EXT_NRT_CG1_BP'], ['TDPROD', 'NRTSTGDB', 'WI_ORDER_LINES_EXT_NRT_CG1_OLP', 'gcp-edwprddata-prd-33200', 'TDPROD_NRTSTGDB_STOCKPILE', 'WI_ORDER_LINES_EXT_NRT_CG1_OLP'], ['TDPROD', 'NRTSTGDB', 'WI_ORDER_LINES_EXT_NRT_CG1_PBL', 'gcp-edwprddata-prd-33200', 'TDPROD_NRTSTGDB_STOCKPILE', 'WI_ORDER_LINES_EXT_NRT_CG1_PBL'], ['TDPROD', 'NRTSTGDB', 'WI_ORDER_LINES_EXT_NRT_CG1_SMC', 'gcp-edwprddata-prd-33200', 'TDPROD_NRTSTGDB_STOCKPILE', 'WI_ORDER_LINES_EXT_NRT_CG1_SMC'], ['TDPROD', 'NRTSTGDB', 'WI_ORDER_LINES_EXT_NRT_CG1_CSD', 'gcp-edwprddata-prd-33200', 'TDPROD_NRTSTGDB_STOCKPILE', 'WI_ORDER_LINES_EXT_NRT_CG1_CSD'], ['TDPROD', 'EXCEPDB', 'EX_WIPS_SER_POS_DTLS_MULTI_PUB', 'gcp-edwprddata-prd-33200', 'TDPROD_EXCEPDB_STOCKPILE', 'EX_WIPS_SER_POS_DTLS_MULTI_PUB']]
2024-01-25-00:51:13 - 
RUN THIS: Validate that these databases are present

                select *
                from dbc.tables
                where
                database_name = 'NRTSTGDB' UNION ALL

                select *
                from dbc.tables
                where
                database_name = 'EXCEPDB' 

RUN THIS: Validate that these tables are present

                select *
                from dbc.tables
                where
                database_name = 'NRTSTGDB' and TableName = 'WI_ORDER_LINES_EXT_NRT_CG1_BP' UNION ALL

                select *
                from dbc.tables
                where
                database_name = 'NRTSTGDB' and TableName = 'WI_ORDER_LINES_EXT_NRT_CG1_OLP' UNION ALL

                select *
                from dbc.tables
                where
                database_name = 'NRTSTGDB' and TableName = 'WI_ORDER_LINES_EXT_NRT_CG1_PBL' UNION ALL

                select *
                from dbc.tables
                where
                database_name = 'NRTSTGDB' and TableName = 'WI_ORDER_LINES_EXT_NRT_CG1_SMC' UNION ALL

                select *
                from dbc.tables
                where
                database_name = 'NRTSTGDB' and TableName = 'WI_ORDER_LINES_EXT_NRT_CG1_CSD' UNION ALL

                select *
                from dbc.tables
                where
                database_name = 'EXCEPDB' and TableName = 'EX_WIPS_SER_POS_DTLS_MULTI_PUB' 
2024-01-25-00:51:15 - 
	These databases are not present at source: ['']
            These tables are not present at source: ['']
